
Showing logs for build [32mcb-kubecd-environment-pr-182-77-mhmbl-1[0m stage [32mfrom-build-pack[0m and container [32mstep-credential-initializer-qrhwk[0m
{"level":"warn","ts":1584290333.6363802,"logger":"fallback-logger","caller":"logging/config.go:69","msg":"Fetch GitHub commit ID from kodata failed: \"ref: refs/heads/0.8.0-**-support-backwards-incompats\" is not a valid GitHub commit ID"}
{"level":"info","ts":1584290333.63723,"logger":"fallback-logger","caller":"creds-init/main.go:40","msg":"Credentials initialized."}

Showing logs for build [32mcb-kubecd-environment-pr-182-77-mhmbl-1[0m stage [32mfrom-build-pack[0m and container [32mstep-working-dir-initializer-lxvm4[0m
{"level":"warn","ts":1584290334.6377592,"logger":"fallback-logger","caller":"logging/config.go:69","msg":"Fetch GitHub commit ID from kodata failed: open /var/run/ko/HEAD: no such file or directory"}
{"level":"info","ts":1584290334.6395953,"logger":"fallback-logger","caller":"bash/main.go:64","msg":"Successfully executed command \"sh -c mkdir -p /workspace/source\"; output "}

Showing logs for build [32mcb-kubecd-environment-pr-182-77-mhmbl-1[0m stage [32mfrom-build-pack[0m and container [32mstep-place-tools[0m

Showing logs for build [32mcb-kubecd-environment-pr-182-77-mhmbl-1[0m stage [32mfrom-build-pack[0m and container [32mstep-git-source-cb-kubecd-environment-pr-182-77-mhmbl-dzp2p[0m
{"level":"warn","ts":1584290338.9841454,"logger":"fallback-logger","caller":"logging/config.go:69","msg":"Fetch GitHub commit ID from kodata failed: \"ref: refs/heads/0.8.0-**-support-backwards-incompats\" is not a valid GitHub commit ID"}
{"level":"info","ts":1584290339.998381,"logger":"fallback-logger","caller":"git/git.go:103","msg":"Successfully cloned https://github.com/cb-kubecd/environment-pr-182-77-boot-gke-production.git @ master in path /workspace/source"}

Showing logs for build [32mcb-kubecd-environment-pr-182-77-mhmbl-1[0m stage [32mfrom-build-pack[0m and container [32mstep-git-merge[0m
Using SHAs from PULL_REFS=master:d50689f438d61bb7b687c729a4edfbd1d60d1dd0,1:bc4b1b0bba71add7433853e4cf695bf8abec8a1a
DEBUG: LC_ALL=C JX_LOG_LEVEL=error git fetch origin --unshallow bc4b1b0bba71add7433853e4cf695bf8abec8a1a: d50689f438d61bb7b687c729a4edfbd1d60d1dd0:
DEBUG: ran git fetch --unshallow origin bc4b1b0bba71add7433853e4cf695bf8abec8a1a: d50689f438d61bb7b687c729a4edfbd1d60d1dd0: in 
DEBUG: LC_ALL=C JX_LOG_LEVEL=error git branch
DEBUG: LC_ALL=C JX_LOG_LEVEL=error git checkout master
DEBUG: ran git checkout master in 
DEBUG: LC_ALL=C JX_LOG_LEVEL=error git reset --hard d50689f438d61bb7b687c729a4edfbd1d60d1dd0
DEBUG: ran git reset --hard d50689f438d61bb7b687c729a4edfbd1d60d1dd0 in 
DEBUG: LC_ALL=C JX_LOG_LEVEL=error git clean -fd .
DEBUG: ran clean --force -d . in 
DEBUG: LC_ALL=C JX_LOG_LEVEL=error git merge bc4b1b0bba71add7433853e4cf695bf8abec8a1a
DEBUG: ran git merge bc4b1b0bba71add7433853e4cf695bf8abec8a1a in 
DEBUG: LC_ALL=C JX_LOG_LEVEL=error git log --format=%H%x1f%an%x1f%ae%x1f%cn%x1f%ce%x1f%s%n%b%x1e d50689f438d61bb7b687c729a4edfbd1d60d1dd0..HEAD
Merged SHA bc4b1b0bba71add7433853e4cf695bf8abec8a1a with commit message 'chore: Promote bdd-spring-1584289413 to version 0.0.1' into base branch master

Showing logs for build [32mcb-kubecd-environment-pr-182-77-mhmbl-1[0m stage [32mfrom-build-pack[0m and container [32mstep-build-helm-build[0m
WARNING: No $CHART_REPOSITORY defined so using the default value of: http://jenkins-x-chartmuseum:8080
Adding missing Helm repo: storage.googleapis.com https://storage.googleapis.com/chartmuseum.jenkins-x.io
WARNING: No secrets found on "helm/repos" due: reading the secret "helm/repos" from vault: no secret "helm/repos" not found in vault
Read credentials for https://storage.googleapis.com/chartmuseum.jenkins-x.io from vault helm/repos
Successfully added Helm repository storage.googleapis.com.
Adding missing Helm repo: jenkins-x-chartmuseum http://jenkins-x-chartmuseum:8080
WARNING: No secrets found on "helm/repos" due: reading the secret "helm/repos" from vault: no secret "helm/repos" not found in vault
Read credentials for http://jenkins-x-chartmuseum:8080 from vault helm/repos
Successfully added Helm repository jenkins-x-chartmuseum.
WARNING: No $CHART_REPOSITORY defined so using the default value of: http://jenkins-x-chartmuseum:8080
Adding missing Helm repo: chartmuseum.jenkins-x.io http://chartmuseum.jenkins-x.io
WARNING: No secrets found on "helm/repos" due: reading the secret "helm/repos" from vault: no secret "helm/repos" not found in vault
Read credentials for http://chartmuseum.jenkins-x.io from vault helm/repos
Successfully added Helm repository chartmuseum.jenkins-x.io.
